[31436:36624:0628/002731.874:INFO:components\enterprise\browser\controller\chrome_browser_cloud_management_controller.cc:202] No machine level policy manager exists.
[31436:36624:0628/002733.361:INFO:CONSOLE:9453] "LegacyDataMixin will be applied to all legacy elements.
Set `_legacyUndefinedCheck: true` on element class to enable.", source: https://www.youtube.com/s/_/ytmainappweb/_/js/k=ytmainappweb.kevlar_base.en_US.NHaWc_ed2Eg.es5.O/am=AABA/d=0/br=1/rs=AGKMywER-AO6ePtORgdALxyqf7fSiyvUXQ (9453)
[11852:18148:0628/002733.797:ERROR:gpu\command_buffer\service\gles2_cmd_decoder_passthrough.cc:1092] [GroupMarkerNotSet(crbug.com/242999)!:A0502800A4270000]Automatic fallback to software WebGL has been deprecated. Please use the --enable-unsafe-swiftshader flag to opt in to lower security guarantees for trusted content.
[31436:36624:0628/002733.801:INFO:CONSOLE:0] "[GroupMarkerNotSet(crbug.com/242999)!:A0502800A4270000]Automatic fallback to software WebGL has been deprecated. Please use the --enable-unsafe-swiftshader flag to opt in to lower security guarantees for trusted content.", source: https://www.youtube.com/watch?v=S8BOtrZ65aY&list=PLd3AxEHWurtLS_YGklIJorgvaPXk5qNW6 (0)
[31436:36624:0628/002733.881:INFO:CONSOLE:0] "Banner not shown: beforeinstallpromptevent.preventDefault() called. The page must call beforeinstallpromptevent.prompt() to show the banner.", source: https://www.youtube.com/watch?v=S8BOtrZ65aY&list=PLd3AxEHWurtLS_YGklIJorgvaPXk5qNW6 (0)
[31436:36624:0628/002734.227:WARNING:chrome\browser\media\prefs\capture_device_ranking.h:255] Can't initialize the value of media.audio_input.user_preference_ranking because media.default_audio_capture_device isn't registered or is empty
[31436:36624:0628/002734.227:WARNING:chrome\browser\media\prefs\capture_device_ranking.h:255] Can't initialize the value of media.video_input.user_preference_ranking because media.default_video_capture_Device isn't registered or is empty
[31436:36624:0628/002734.844:INFO:CONSOLE:1739] "observer method `dataChanged_` not defined", source: https://www.youtube.com/s/_/ytmainappweb/_/js/k=ytmainappweb.kevlar_base.en_US.NHaWc_ed2Eg.es5.O/am=AABA/d=0/br=1/rs=AGKMywER-AO6ePtORgdALxyqf7fSiyvUXQ (1739)
[31436:36624:0628/002735.864:INFO:CONSOLE:1739] "observer method `dataChanged_` not defined", source: https://www.youtube.com/s/_/ytmainappweb/_/js/k=ytmainappweb.kevlar_base.en_US.NHaWc_ed2Eg.es5.O/am=AABA/d=0/br=1/rs=AGKMywER-AO6ePtORgdALxyqf7fSiyvUXQ (1739)
[31436:36624:0628/002735.869:INFO:CONSOLE:1739] "observer method `dataChanged_` not defined", source: https://www.youtube.com/s/_/ytmainappweb/_/js/k=ytmainappweb.kevlar_base.en_US.NHaWc_ed2Eg.es5.O/am=AABA/d=0/br=1/rs=AGKMywER-AO6ePtORgdALxyqf7fSiyvUXQ (1739)
[31436:36624:0628/002737.021:INFO:CONSOLE:9453] "LegacyDataMixin will be applied to all legacy elements.
Set `_legacyUndefinedCheck: true` on element class to enable.", source: https://www.youtube.com/s/_/ytmainappweb/_/js/k=ytmainappweb.kevlar_base.en_US.NHaWc_ed2Eg.es5.O/am=AAAABA/d=0/br=1/rs=AGKMywH0CHgvC6gQP_yrFAKk6DDc-Dy0AA (9453)
[31436:36624:0628/002737.407:INFO:CONSOLE:0] "Banner not shown: beforeinstallpromptevent.preventDefault() called. The page must call beforeinstallpromptevent.prompt() to show the banner.", source: https://www.youtube.com/watch?v=S8BOtrZ65aY&list=PLd3AxEHWurtLS_YGklIJorgvaPXk5qNW6 (0)
[31436:36624:0628/002737.458:WARNING:chrome\browser\media\prefs\capture_device_ranking.h:255] Can't initialize the value of media.audio_input.user_preference_ranking because media.default_audio_capture_device isn't registered or is empty
[31436:36624:0628/002737.458:WARNING:chrome\browser\media\prefs\capture_device_ranking.h:255] Can't initialize the value of media.video_input.user_preference_ranking because media.default_video_capture_Device isn't registered or is empty
[11852:18148:0628/002737.464:ERROR:gpu\command_buffer\service\gles2_cmd_decoder_passthrough.cc:1092] [GroupMarkerNotSet(crbug.com/242999)!:A0502800A4270000]Automatic fallback to software WebGL has been deprecated. Please use the --enable-unsafe-swiftshader flag to opt in to lower security guarantees for trusted content.
[31436:36624:0628/002737.468:INFO:CONSOLE:0] "[GroupMarkerNotSet(crbug.com/242999)!:A0502800A4270000]Automatic fallback to software WebGL has been deprecated. Please use the --enable-unsafe-swiftshader flag to opt in to lower security guarantees for trusted content.", source: https://www.youtube.com/watch?v=S8BOtrZ65aY&list=PLd3AxEHWurtLS_YGklIJorgvaPXk5qNW6 (0)
[31436:36624:0628/002737.895:INFO:CONSOLE:1739] "observer method `dataChanged_` not defined", source: https://www.youtube.com/s/_/ytmainappweb/_/js/k=ytmainappweb.kevlar_base.en_US.NHaWc_ed2Eg.es5.O/am=AAAABA/d=0/br=1/rs=AGKMywH0CHgvC6gQP_yrFAKk6DDc-Dy0AA (1739)
[31436:36624:0628/002738.900:INFO:CONSOLE:1739] "observer method `dataChanged_` not defined", source: https://www.youtube.com/s/_/ytmainappweb/_/js/k=ytmainappweb.kevlar_base.en_US.NHaWc_ed2Eg.es5.O/am=AAAABA/d=0/br=1/rs=AGKMywH0CHgvC6gQP_yrFAKk6DDc-Dy0AA (1739)
[31436:36624:0628/002738.908:INFO:CONSOLE:1739] "observer method `dataChanged_` not defined", source: https://www.youtube.com/s/_/ytmainappweb/_/js/k=ytmainappweb.kevlar_base.en_US.NHaWc_ed2Eg.es5.O/am=AAAABA/d=0/br=1/rs=AGKMywH0CHgvC6gQP_yrFAKk6DDc-Dy0AA (1739)
[31436:36624:0628/002741.207:ERROR:components\device_event_log\device_event_log_impl.cc:202] [00:27:41.208] USB: usb_service_win.cc:105 SetupDiGetDeviceProperty({{A45C254E-DF1C-4EFD-8020-67D146A850E0}, 6}) failed: Det gick inte att hitta elementet. (0x490)
[31436:36624:0628/002741.884:INFO:CONSOLE:0] "The resource https://i.ytimg.com/generate_204 was preloaded using link preload but not used within a few seconds from the window's load event. Please make sure it has an appropriate `as` value and it is preloaded intentionally.", source: https://www.youtube.com/watch?v=S8BOtrZ65aY&list=PLd3AxEHWurtLS_YGklIJorgvaPXk5qNW6 (0)
[31436:36624:0628/002741.884:INFO:CONSOLE:0] "The resource https://rr4---sn-jvhixh-5god.googlevideo.com/generate_204 was preloaded using link preload but not used within a few seconds from the window's load event. Please make sure it has an appropriate `as` value and it is preloaded intentionally.", source: https://www.youtube.com/watch?v=S8BOtrZ65aY&list=PLd3AxEHWurtLS_YGklIJorgvaPXk5qNW6 (0)
[31436:36624:0628/002741.884:INFO:CONSOLE:0] "The resource https://rr4---sn-jvhixh-5god.googlevideo.com/generate_204?conn2 was preloaded using link preload but not used within a few seconds from the window's load event. Please make sure it has an appropriate `as` value and it is preloaded intentionally.", source: https://www.youtube.com/watch?v=S8BOtrZ65aY&list=PLd3AxEHWurtLS_YGklIJorgvaPXk5qNW6 (0)
[31436:36624:0628/002743.647:WARNING:components\download\internal\background_service\controller_impl.cc:1187] Background download complete, client: 6, completion type: 0, file size:5155
[31436:36624:0628/002743.688:WARNING:components\download\internal\background_service\controller_impl.cc:1187] Background download complete, client: 6, completion type: 0, file size:265059
[31436:36624:0628/002744.283:WARNING:components\download\internal\background_service\controller_impl.cc:1187] Background download complete, client: 6, completion type: 0, file size:45175
[31436:36624:0628/002744.922:WARNING:components\download\internal\background_service\controller_impl.cc:1187] Background download complete, client: 6, completion type: 0, file size:2747169
[31436:36624:0628/002745.037:WARNING:components\download\internal\background_service\controller_impl.cc:1187] Background download complete, client: 6, completion type: 0, file size:2200227
[31436:36624:0628/002745.145:WARNING:components\download\internal\background_service\controller_impl.cc:1187] Background download complete, client: 6, completion type: 0, file size:4680
[31436:36624:0628/002748.243:WARNING:components\download\internal\background_service\controller_impl.cc:1187] Background download complete, client: 6, completion type: 0, file size:118577
[31436:36624:0628/002752.335:INFO:CONSOLE:0] "The resource https://i.ytimg.com/generate_204 was preloaded using link preload but not used within a few seconds from the window's load event. Please make sure it has an appropriate `as` value and it is preloaded intentionally.", source: https://www.youtube.com/watch?v=S8BOtrZ65aY&list=PLd3AxEHWurtLS_YGklIJorgvaPXk5qNW6 (0)
[31436:36624:0628/002752.335:INFO:CONSOLE:0] "The resource https://rr4---sn-jvhixh-5god.googlevideo.com/generate_204 was preloaded using link preload but not used within a few seconds from the window's load event. Please make sure it has an appropriate `as` value and it is preloaded intentionally.", source: https://www.youtube.com/watch?v=S8BOtrZ65aY&list=PLd3AxEHWurtLS_YGklIJorgvaPXk5qNW6 (0)
[31436:36624:0628/002752.335:INFO:CONSOLE:0] "The resource https://rr4---sn-jvhixh-5god.googlevideo.com/generate_204?conn2 was preloaded using link preload but not used within a few seconds from the window's load event. Please make sure it has an appropriate `as` value and it is preloaded intentionally.", source: https://www.youtube.com/watch?v=S8BOtrZ65aY&list=PLd3AxEHWurtLS_YGklIJorgvaPXk5qNW6 (0)
[31436:36624:0628/002759.510:INFO:CONSOLE:0] "The resource https://i.ytimg.com/generate_204 was preloaded using link preload but not used within a few seconds from the window's load event. Please make sure it has an appropriate `as` value and it is preloaded intentionally.", source: https://www.youtube.com/watch?v=S8BOtrZ65aY&list=PLd3AxEHWurtLS_YGklIJorgvaPXk5qNW6 (0)
[31436:36624:0628/002759.510:INFO:CONSOLE:0] "The resource https://rr4---sn-jvhixh-5god.googlevideo.com/generate_204 was preloaded using link preload but not used within a few seconds from the window's load event. Please make sure it has an appropriate `as` value and it is preloaded intentionally.", source: https://www.youtube.com/watch?v=S8BOtrZ65aY&list=PLd3AxEHWurtLS_YGklIJorgvaPXk5qNW6 (0)
[31436:36624:0628/002759.510:INFO:CONSOLE:0] "The resource https://rr4---sn-jvhixh-5god.googlevideo.com/generate_204?conn2 was preloaded using link preload but not used within a few seconds from the window's load event. Please make sure it has an appropriate `as` value and it is preloaded intentionally.", source: https://www.youtube.com/watch?v=S8BOtrZ65aY&list=PLd3AxEHWurtLS_YGklIJorgvaPXk5qNW6 (0)
[11852:18148:0628/002820.370:ERROR:gpu\command_buffer\service\gles2_cmd_decoder_passthrough.cc:1092] [GroupMarkerNotSet(crbug.com/242999)!:A0202800A4270000]Automatic fallback to software WebGL has been deprecated. Please use the --enable-unsafe-swiftshader flag to opt in to lower security guarantees for trusted content.
[31436:36624:0628/002820.389:INFO:CONSOLE:0] "[GroupMarkerNotSet(crbug.com/242999)!:A0202800A4270000]Automatic fallback to software WebGL has been deprecated. Please use the --enable-unsafe-swiftshader flag to opt in to lower security guarantees for trusted content.", source: https://www.youtube.com/watch?v=S8BOtrZ65aY&list=PLd3AxEHWurtLS_YGklIJorgvaPXk5qNW6 (0)
[31436:36624:0628/002825.574:INFO:CONSOLE:0] "The resource https://i.ytimg.com/generate_204 was preloaded using link preload but not used within a few seconds from the window's load event. Please make sure it has an appropriate `as` value and it is preloaded intentionally.", source: https://www.youtube.com/watch?v=S8BOtrZ65aY&list=PLd3AxEHWurtLS_YGklIJorgvaPXk5qNW6 (0)
[31436:36624:0628/002825.574:INFO:CONSOLE:0] "The resource https://rr4---sn-jvhixh-5god.googlevideo.com/generate_204 was preloaded using link preload but not used within a few seconds from the window's load event. Please make sure it has an appropriate `as` value and it is preloaded intentionally.", source: https://www.youtube.com/watch?v=S8BOtrZ65aY&list=PLd3AxEHWurtLS_YGklIJorgvaPXk5qNW6 (0)
[31436:36624:0628/002825.574:INFO:CONSOLE:0] "The resource https://rr4---sn-jvhixh-5god.googlevideo.com/generate_204?conn2 was preloaded using link preload but not used within a few seconds from the window's load event. Please make sure it has an appropriate `as` value and it is preloaded intentionally.", source: https://www.youtube.com/watch?v=S8BOtrZ65aY&list=PLd3AxEHWurtLS_YGklIJorgvaPXk5qNW6 (0)
[31436:36624:0628/002905.535:INFO:CONSOLE:0] "The resource https://i.ytimg.com/generate_204 was preloaded using link preload but not used within a few seconds from the window's load event. Please make sure it has an appropriate `as` value and it is preloaded intentionally.", source: https://www.youtube.com/watch?v=S8BOtrZ65aY&list=PLd3AxEHWurtLS_YGklIJorgvaPXk5qNW6 (0)
[31436:36624:0628/002905.535:INFO:CONSOLE:0] "The resource https://rr4---sn-jvhixh-5god.googlevideo.com/generate_204 was preloaded using link preload but not used within a few seconds from the window's load event. Please make sure it has an appropriate `as` value and it is preloaded intentionally.", source: https://www.youtube.com/watch?v=S8BOtrZ65aY&list=PLd3AxEHWurtLS_YGklIJorgvaPXk5qNW6 (0)
[31436:36624:0628/002905.535:INFO:CONSOLE:0] "The resource https://rr4---sn-jvhixh-5god.googlevideo.com/generate_204?conn2 was preloaded using link preload but not used within a few seconds from the window's load event. Please make sure it has an appropriate `as` value and it is preloaded intentionally.", source: https://www.youtube.com/watch?v=S8BOtrZ65aY&list=PLd3AxEHWurtLS_YGklIJorgvaPXk5qNW6 (0)
[31436:36624:0628/002923.461:INFO:CONSOLE:0] "The resource https://i.ytimg.com/generate_204 was preloaded using link preload but not used within a few seconds from the window's load event. Please make sure it has an appropriate `as` value and it is preloaded intentionally.", source: https://www.youtube.com/watch?v=S8BOtrZ65aY&list=PLd3AxEHWurtLS_YGklIJorgvaPXk5qNW6 (0)
[31436:36624:0628/002923.461:INFO:CONSOLE:0] "The resource https://rr4---sn-jvhixh-5god.googlevideo.com/generate_204 was preloaded using link preload but not used within a few seconds from the window's load event. Please make sure it has an appropriate `as` value and it is preloaded intentionally.", source: https://www.youtube.com/watch?v=S8BOtrZ65aY&list=PLd3AxEHWurtLS_YGklIJorgvaPXk5qNW6 (0)
[31436:36624:0628/002923.461:INFO:CONSOLE:0] "The resource https://rr4---sn-jvhixh-5god.googlevideo.com/generate_204?conn2 was preloaded using link preload but not used within a few seconds from the window's load event. Please make sure it has an appropriate `as` value and it is preloaded intentionally.", source: https://www.youtube.com/watch?v=S8BOtrZ65aY&list=PLd3AxEHWurtLS_YGklIJorgvaPXk5qNW6 (0)
